<?xml version="1.0" encoding="UTF-8"?>
<testng-results ignored="0" total="1" passed="1" failed="0" skipped="0">
  <reporter-output>
  </reporter-output>
  <suite started-at="2022-10-20T21:58:28 PDT" name="Default suite" finished-at="2022-10-20T21:59:10 PDT" duration-ms="41621">
    <groups>
    </groups>
    <test started-at="2022-10-20T21:58:28 PDT" name="Default test" finished-at="2022-10-20T21:59:10 PDT" duration-ms="41621">
      <class name="Facebooktest.testing">
        <test-method is-config="true" signature="openbrowser()[pri:0, instance:Facebooktest.testing@1ddf84b8]" started-at="2022-10-20T21:58:28 PDT" name="openbrowser" finished-at="2022-10-20T21:58:44 PDT" duration-ms="16148" status="PASS">
          <reporter-output>
          </reporter-output>
        </test-method> <!-- openbrowser -->
        <test-method is-config="true" signature="objects()[pri:0, instance:Facebooktest.testing@1ddf84b8]" started-at="2022-10-20T21:58:44 PDT" name="objects" finished-at="2022-10-20T21:58:44 PDT" duration-ms="175" status="PASS">
          <reporter-output>
          </reporter-output>
        </test-method> <!-- objects -->
        <test-method is-config="true" signature="Login()[pri:0, instance:Facebooktest.testing@1ddf84b8]" started-at="2022-10-20T21:58:44 PDT" name="Login" finished-at="2022-10-20T21:58:46 PDT" duration-ms="1376" status="PASS">
          <reporter-output>
          </reporter-output>
        </test-method> <!-- Login -->
        <test-method signature="test()[pri:0, instance:Facebooktest.testing@1ddf84b8]" started-at="2022-10-20T21:58:46 PDT" name="test" finished-at="2022-10-20T21:59:06 PDT" duration-ms="19947" status="PASS">
          <reporter-output>
          </reporter-output>
        </test-method> <!-- test -->
        <test-method is-config="true" signature="closetab()[pri:0, instance:Facebooktest.testing@1ddf84b8]" started-at="2022-10-20T21:59:06 PDT" name="closetab" finished-at="2022-10-20T21:59:06 PDT" duration-ms="158" status="PASS">
          <reporter-output>
          </reporter-output>
        </test-method> <!-- closetab -->
        <test-method is-config="true" signature="close()[pri:0, instance:Facebooktest.testing@1ddf84b8]" started-at="2022-10-20T21:59:06 PDT" name="close" finished-at="2022-10-20T21:59:08 PDT" duration-ms="2269" status="PASS">
          <reporter-output>
          </reporter-output>
        </test-method> <!-- close -->
        <test-method is-config="true" signature="closebrowser()[pri:0, instance:Facebooktest.testing@1ddf84b8]" started-at="2022-10-20T21:59:08 PDT" name="closebrowser" finished-at="2022-10-20T21:59:10 PDT" duration-ms="1281" status="PASS">
          <reporter-output>
          </reporter-output>
        </test-method> <!-- closebrowser -->
      </class> <!-- Facebooktest.testing -->
    </test> <!-- Default test -->
  </suite> <!-- Default suite -->
</testng-results>
